12 [139875014563776] INFO perfrun.launcher <> - Launcher main begin
13 [139875014563776] INFO perfrun.launcher <> - MessageCatalogInit finished
13 [139875014563776] INFO perfrun.launcher <> - Launcher instance created
13 [139875014563776] INFO perfrun.launcher <> - argc = 6; cmdline = /opt/intel/oneapi/advisor/2023.0.0/bin64/advixe-runss -dump-vdso -r /home/user3/HPC-Programming/DAY_3/HPC-PROGRAMMING/e000/hs000 --tmp-dir /tmp/advixe-tmp-user3 
80 [139875014563776] INFO perfrun.launcher <> - create msngr2::ICliToolContext
80 [139875014563776] INFO perfrun.launcher <> - create file finder object
88 [139874893870848] INFO perfrun.launcher <> - plugin [remoteplug] was disabled because it doesn't support the given collection type.
88 [139874893870848] INFO perfrun.launcher <> - plugin [system] was disabled because it doesn't support the given collection type.
88 [139874893870848] INFO perfrun.vdso <> - dumping [vdso] pseudomodule
99 [139874893870848] INFO perfrun.launcher <> - plugin [itt] was disabled because it doesn't support the given collection type.
99 [139874893870848] INFO perfrun.launcher <> - plugin [] was disabled because it doesn't support the given collection type.
99 [139874893870848] INFO perfrun.launcher <> - plugin [gpu] was disabled because it doesn't support the given collection type.
99 [139874893870848] INFO perfrun.launcher <> - plugin [] was disabled because it doesn't support the given collection type.
99 [139874893870848] INFO perfrun.launcher <> - plugin [] was disabled because it doesn't support the given collection type.
99 [139874893870848] INFO perfrun.launcher <> - plugin [] was disabled because it doesn't support the given collection type.
99 [139874893870848] INFO perfrun.launcher <> - plugin [mrte] was disabled because it doesn't support the given collection type.
99 [139874893870848] INFO perfrun.launcher <> - plugin [] was disabled because it doesn't support the given collection type.
99 [139874893870848] INFO perfrun.launcher <> - plugin [] was disabled because it doesn't support the given collection type.
99 [139874893870848] INFO perfrun.launcher <> - plugin [] was disabled because it doesn't support the given collection type.
99 [139874893870848] INFO perfrun.launcher <> - plugin [] was disabled because it doesn't support the given collection type.
99 [139874893870848] INFO perfrun.launcher <> - plugin [] was disabled because it doesn't support the given collection type.
99 [139874893870848] INFO perfrun.launcher <> - plugin [] was disabled because it doesn't support the given collection type.
99 [139874893870848] INFO perfrun.launcher <> - plugin [] was disabled because it doesn't support the given collection type.
99 [139874893870848] INFO perfrun.launcher <> - plugin [tpss] was disabled because it doesn't support the given collection type.
99 [139874893870848] INFO perfrun.launcher <> - plugin [] was disabled because it doesn't support the given collection type.
99 [139874893870848] INFO perfrun.launcher <> - plugin [] was disabled because it doesn't support the given collection type.
99 [139874893870848] INFO perfrun.launcher <> - plugin [] was disabled because it doesn't support the given collection type.
99 [139874893870848] INFO perfrun.launcher <> - plugin [] was disabled because it doesn't support the given collection type.
99 [139874893870848] INFO perfrun.launcher <> - plugin [] was disabled because it doesn't support the given collection type.
99 [139874893870848] INFO perfrun.launcher <> - plugin [] was disabled because it doesn't support the given collection type.
99 [139874893870848] INFO perfrun.launcher <> - plugin [] was disabled because it doesn't support the given collection type.
99 [139874893870848] INFO perfrun.launcher <> - plugin [] was disabled because it doesn't support the given collection type.
99 [139874893870848] INFO perfrun.launcher <> - plugin [] was disabled because it doesn't support the given collection type.
99 [139875014563776] INFO perfrun.launcher <> - Application exit code: 0
99 [139875014563776] INFO perfrun.launcher <> - Exit code: 0
