11 [140081450428352] INFO perfrun.launcher <> - Launcher main begin
12 [140081450428352] INFO perfrun.launcher <> - MessageCatalogInit finished
12 [140081450428352] INFO perfrun.launcher <> - Launcher instance created
12 [140081450428352] INFO perfrun.launcher <> - argc = 7; cmdline = /opt/intel/oneapi/advisor/2023.0.0/bin64/advixe-runss --ui-output-format xml --ui-output-fd 9 --option-file /home/user3/HPC-Programming/DAY_3/HPC-PROGRAMMING/e000/hs000/config/runss.options 
82 [140081450428352] INFO perfrun.launcher <> - create msngr2::ICliToolContext
82 [140081450428352] INFO perfrun.launcher <> - create file finder object
82 [140081450428352] INFO perfrun.launcher <> - create a result directory: pattern = /home/user3/HPC-Programming/DAY_3/HPC-PROGRAMMING/e000/hs000 pid = 4294967295
84 [140081450428352] INFO perfrun.sdk <> - checked that the directory /home/user3/HPC-Programming/DAY_3/HPC-PROGRAMMING/e000/hs000 is a local directory
84 [140081450428352] INFO perfrun.sdk <> - the directory /home/user3/HPC-Programming/DAY_3/HPC-PROGRAMMING/e000/hs000 is a local directory with FS type ID 1481003842
84 [140081450428352] INFO perfrun.launcher <> - create data directory = /home/user3/HPC-Programming/DAY_3/HPC-PROGRAMMING/e000/hs000/data.0
84 [140081450428352] INFO perfrun.launcher <> - Creating the master collection flag
94 [140081450428352] INFO perfrun.launcher <> - Done creating the master collection flag
102 [140081329735424] INFO perfrun.launcher <> - plugin [remoteplug] was disabled because it doesn't support the given collection type.
103 [140081329735424] INFO perfrun.sdk <> - Allocating TMU :/home/user3/HPC-Programming/DAY_3/HPC-PROGRAMMING/e000/hs000/data.0/systemcollector-12998-shavak.sc
103 [140081329735424] INFO perfrun.launcher <> - plugin [] was disabled because it doesn't support the given collection type.
103 [140081329735424] INFO perfrun.launcher <> - plugin [gpu] was disabled because it doesn't support the given collection type.
103 [140081329735424] INFO perfrun.launcher <> - plugin [] was disabled because it doesn't support the given collection type.
103 [140081329735424] INFO perfrun.launcher <> - plugin [] was disabled because it doesn't support the given collection type.
103 [140081329735424] INFO perfrun.launcher <> - plugin [] was disabled because it doesn't support the given collection type.
103 [140081329735424] INFO perfrun.mrte <> - system-wide mode is 0
103 [140081329735424] INFO perfrun.mrte <> - Getting  mrte profiling environment ...
117 [140081329735424] INFO perfrun.mrte <> - INTEL_MRTE_DATA_DIR=/home/user3/HPC-Programming/DAY_3/HPC-PROGRAMMING/e000/hs000/data.0
117 [140081329735424] INFO perfrun.mrte <> - INTEL_MRTE_HOST_NAME=shavak
117 [140081329735424] INFO perfrun.mrte <> - JAVA_TOOL_OPTIONS=-agentlib:advixe_tpssmrte_javaprof_1.0 -Dsun.boot.library.path=/opt/intel/oneapi/advisor/2023.0.0/lib32/runtime:/opt/intel/oneapi/advisor/2023.0.0/lib64/runtime
117 [140081329735424] INFO perfrun.mrte <> - LD_LIBRARY_PATH=/opt/intel/oneapi/advisor/2023.0.0/lib32/runtime:/opt/intel/oneapi/advisor/2023.0.0/lib64/runtime
117 [140081329735424] INFO perfrun.mrte <> - Data directory: /home/user3/HPC-Programming/DAY_3/HPC-PROGRAMMING/e000/hs000/data.0
117 [140081329735424] INFO perfrun.mrte <> - Mrte plugin is initialized
117 [140081329735424] INFO perfrun.launcher <> - plugin [] was disabled because it doesn't support the given collection type.
117 [140081329735424] INFO perfrun.launcher <> - plugin [] was disabled because it doesn't support the given collection type.
117 [140081329735424] INFO perfrun.launcher <> - plugin [] was disabled because it doesn't support the given collection type.
117 [140081329735424] INFO perfrun.launcher <> - plugin [] was disabled because it doesn't support the given collection type.
117 [140081329735424] INFO perfrun.launcher <> - plugin [] was disabled because it doesn't support the given collection type.
117 [140081329735424] INFO perfrun.launcher <> - plugin [] was disabled because it doesn't support the given collection type.
117 [140081329735424] INFO perfrun.launcher <> - plugin [] was disabled because it doesn't support the given collection type.
117 [140081329735424] INFO perfrun.tpss <> - initialize tpss controller
117 [140081329735424] INFO perfrun.tpss <> - configure collection mode: value = cpu:stack
117 [140081329735424] INFO perfrun.tpss <> - default obj-size-min=1024
117 [140081329735424] INFO perfrun.tpss <> - default hash-table-size=0
117 [140081329735424] INFO perfrun.launcher <> - plugin [] was disabled because it doesn't support the given collection type.
117 [140081329735424] INFO perfrun.launcher <> - plugin [] was disabled because it doesn't support the given collection type.
117 [140081329735424] INFO perfrun.launcher <> - plugin [] was disabled because it doesn't support the given collection type.
117 [140081329735424] INFO perfrun.launcher <> - plugin [] was disabled because it doesn't support the given collection type.
117 [140081329735424] INFO perfrun.launcher <> - plugin [] was disabled because it doesn't support the given collection type.
117 [140081329735424] INFO perfrun.launcher <> - plugin [] was disabled because it doesn't support the given collection type.
117 [140081329735424] INFO perfrun.launcher <> - plugin [] was disabled because it doesn't support the given collection type.
117 [140081329735424] INFO perfrun.launcher <> - plugin [] was disabled because it doesn't support the given collection type.
117 [140081329735424] INFO perfrun.launcher <> - plugin [] was disabled because it doesn't support the given collection type.
117 [140081450428352] INFO perfrun.launcher <> - set environment variable: LD_LIBRARY_PATH = /opt/intel/oneapi/advisor/2023.0.0/lib32/runtime:/opt/intel/oneapi/advisor/2023.0.0/lib64/runtime
117 [140081450428352] INFO perfrun.launcher <> - set environment variable: INTEL_LIBITTNOTIFY32 = /opt/intel/oneapi/advisor/2023.0.0/lib32/runtime/libittnotify_collector.so
117 [140081450428352] INFO perfrun.launcher <> - set environment variable: INTEL_LIBITTNOTIFY64 = /opt/intel/oneapi/advisor/2023.0.0/lib64/runtime/libittnotify_collector.so
117 [140081450428352] INFO perfrun.launcher <> - set environment variable: INTEL_ITTNOTIFY_GROUPS = 
118 [140081450428352] INFO perfrun.launcher <> - set environment variable: INTEL_JIT_PROFILER32 = /opt/intel/oneapi/advisor/2023.0.0/lib32/runtime/libittnotify_collector.so
118 [140081450428352] INFO perfrun.launcher <> - set environment variable: INTEL_JIT_PROFILER64 = /opt/intel/oneapi/advisor/2023.0.0/lib64/runtime/libittnotify_collector.so
118 [140081450428352] INFO perfrun.launcher <> - set environment variable: OMP_TOOL_LIBRARIES = /opt/intel/oneapi/advisor/2023.0.0/lib32/runtime/libittnotify_collector.so:/opt/intel/oneapi/advisor/2023.0.0/lib64/runtime/libittnotify_collector.so
118 [140081450428352] INFO perfrun.launcher <> - set environment variable: ENABLE_JITPROFILING = 1
118 [140081450428352] INFO perfrun.launcher <> - set environment variable: CL_CONFIG_USE_VTUNE = True
118 [140081450428352] INFO perfrun.launcher <> - set environment variable: KMP_FORKJOIN_FRAMES = 0
118 [140081450428352] INFO perfrun.launcher <> - set environment variable: KMP_FORKJOIN_FRAMES_MODE = 0
118 [140081450428352] INFO perfrun.launcher <> - set environment variable: OMP_TOOL = disabled
118 [140081450428352] INFO perfrun.launcher <> - set environment variable: INTEL_MRTE_DATA_DIR = /home/user3/HPC-Programming/DAY_3/HPC-PROGRAMMING/e000/hs000/data.0
118 [140081450428352] INFO perfrun.launcher <> - set environment variable: INTEL_MRTE_HOST_NAME = shavak
118 [140081450428352] INFO perfrun.launcher <> - set environment variable: JAVA_TOOL_OPTIONS = -agentlib:advixe_tpssmrte_javaprof_1.0 -Dsun.boot.library.path=/opt/intel/oneapi/advisor/2023.0.0/lib32/runtime:/opt/intel/oneapi/advisor/2023.0.0/lib64/runtime
118 [140081450428352] INFO perfrun.launcher <> - set environment variable: LD_LIBRARY_PATH = /opt/intel/oneapi/advisor/2023.0.0/lib32/runtime:/opt/intel/oneapi/advisor/2023.0.0/lib64/runtime
118 [140081450428352] INFO perfrun.launcher <> - RpcServer: run RPC server to handle requests
119 [140081450428352] INFO perfrun.launcher <> - Launcher: command line to start before modification = ./matrixmulti
119 [140081450428352] INFO perfrun.launcher <> - Launcher: command line to start after modification = /opt/intel/oneapi/advisor/2023.0.0/bin64/pin -error_file /home/user3/HPC-Programming/DAY_3/HPC-PROGRAMMING/e000/hs000/data.0/pinerr.tpsslog -detach_reattach -follow_execv -tool_load_option deepbind -t64 /opt/intel/oneapi/advisor/2023.0.0/lib64/libtpsstool.so -t /opt/intel/oneapi/advisor/2023.0.0/lib32/libtpsstool.so -server_name tpss_ipc.12998 -prd_dir /opt/intel/oneapi/advisor/2023.0.0 -- ./matrixmulti
119 [140081450428352] INFO perfrun.launcher <> - ProcessCreator object was created
120 [140081450428352] INFO perfrun.launcher <> - Launcher: the process was started in suspend mode
128 [140081329735424] WARN perfrun.system <> - Could not do anything with /sys/kernel/debug/kvm: boost::filesystem::status: Permission denied: "/sys/kernel/debug/kvm", at file: vcs/perfrun1/plugins/system/src/trace_writer.cpp:787
136 [140081329735424] WARN perfrun.sdk <> - SEP tool is not available, at file: vcs/perfrun1/plugins/pluginsdk/src/device_mapper.cpp:590
136 [140081329735424] WARN perfrun.sdk <> - SEP driver is not available, at file: vcs/perfrun1/plugins/pluginsdk/src/device_mapper.cpp:745
136 [140081329735424] WARN perfrun.sdk <> - amplxe-perf tool is not available, at file: vcs/perfrun1/plugins/pluginsdk/src/device_mapper.cpp:606
136 [140081329735424] WARN perfrun.sdk <> - Device mapping through perf is not available on current kernel, at file: vcs/perfrun1/plugins/pluginsdk/src/device_mapper.cpp:943
142 [140081329735424] WARN perfrun.sdk <> - SEP tool is not available, at file: vcs/perfrun1/plugins/pluginsdk/src/device_mapper.cpp:590
142 [140081329735424] WARN perfrun.sdk <> - SEP driver is not available, at file: vcs/perfrun1/plugins/pluginsdk/src/device_mapper.cpp:745
142 [140081329735424] WARN perfrun.sdk <> - Failed to find xl binary on any of the system paths: /bin, /sbin, /usr/bin, /usr/sbin., at file: vcs/perfrun1/sdk/src/utils.cpp:204
146 [140081329735424] INFO perfrun.vdso <> - Helper runtool '/opt/intel/oneapi/advisor/2023.0.0/bin32/advixe-runss -dump-vdso -r /home/user3/HPC-Programming/DAY_3/HPC-PROGRAMMING/e000/hs000 --tmp-dir /tmp/advixe-tmp-user3' returned 1
278 [140081329735424] INFO perfrun.vdso <> - Helper runtool '/opt/intel/oneapi/advisor/2023.0.0/bin64/advixe-runss -dump-vdso -r /home/user3/HPC-Programming/DAY_3/HPC-PROGRAMMING/e000/hs000 --tmp-dir /tmp/advixe-tmp-user3' returned 0
278 [140081329735424] INFO perfrun.itt <> - start itt controller for pid #13007
278 [140081329735424] INFO perfrun.tpss <> - start tpss controller for pid #13007
329 [140081450428352] INFO perfrun.launcher <> - Launcher: all plugins were started
329 [140081450428352] INFO perfrun.launcher <> - DirectoryMonitor object was created
329 [140081450428352] INFO perfrun.launcher <> - DirectoryMonitor: a callback was added
329 [140081450428352] INFO perfrun.launcher <> - DirectoryMonitor was started with pingTime = 1000
329 [140081450428352] INFO perfrun.launcher <> - DeadlineTimer is going to be constructed
329 [140081450428352] INFO perfrun.launcher <> - DeadlineTimer: a callback was added
340 [140081450428352] INFO perfrun.launcher <> - Launcher: resume the profiled application and  wait its termination or stop command
7030 [140081450428352] INFO perfrun.launcher <> - Launcher: the profiled application was terminated  with exit code = 0
7040 [140081329735424] INFO perfrun.itt <> - detach itt controller
7040 [140081329735424] INFO perfrun.itt <> - detach itt controller done
7040 [140081329735424] INFO perfrun.tpss <> - stop tpss controller
7041 [140081329735424] INFO perfrun.sdk <> - De-allocating TMU: /home/user3/HPC-Programming/DAY_3/HPC-PROGRAMMING/e000/hs000/data.0/systemcollector-12998-shavak.sc
7041 [140081329735424] INFO perfrun.system <> - closed the system trace file: /home/user3/HPC-Programming/DAY_3/HPC-PROGRAMMING/e000/hs000/data.0/systemcollector-12998-shavak.sc
7041 [140081450428352] INFO perfrun.launcher <> - Launcher: all plugins were stopped.
7041 [140081450428352] INFO perfrun.launcher <> - DeadlineTimer is going to be destroyed
7041 [140081450428352] INFO perfrun.launcher <> - DeadlineTimer was destroyed
7041 [140081450428352] INFO perfrun.launcher <> - DirectoryMonitor object was destroyed
7041 [140081450428352] WARN perfrun.launcher <> - Stop command is ignored because it is received when collection is already stopped, at file: vcs/perfrun1/launcher/src/command_handler.cpp:226
7042 [140081450428352] INFO perfrun.launcher <> - Application exit code: 0
7042 [140081450428352] INFO perfrun.launcher <> - Exit code: 0
